AH00558: apache2: Could not reliably determine the server's fully qualified domain name, using 172.18.0.3. Set the 'ServerName' directive globally to suppress this message
[Fri May 08 14:42:33.390725 2026] [mpm_prefork:notice] [pid 1:tid 1] AH00163: Apache/2.4.67 (Debian) PHP/8.2.31 configured -- resuming normal operations
[Fri May 08 14:42:33.390866 2026] [core:notice] [pid 1:tid 1] AH00094: Command line: 'apache2 -D FOREGROUND'
[Fri May 08 14:56:03.224111 2026] [mpm_prefork:notice] [pid 1:tid 1] AH00170: caught SIGWINCH, shutting down gracefully
AH00558: apache2: Could not reliably determine the server's fully qualified domain name, using 172.18.0.3. Set the 'ServerName' directive globally to suppress this message
[Fri May 08 14:56:04.793138 2026] [mpm_prefork:notice] [pid 1:tid 1] AH00163: Apache/2.4.67 (Debian) PHP/8.2.31 configured -- resuming normal operations
[Fri May 08 14:56:04.793280 2026] [core:notice] [pid 1:tid 1] AH00094: Command line: 'apache2 -D FOREGROUND'
[Fri May 08 17:17:01.829024 2026] [php:error] [pid 17:tid 17] [client 192.168.65.1:55684] script '/var/www/html/public/ogin.php' not found or unable to stat
[Fri May 08 17:38:08.815785 2026] [mpm_prefork:notice] [pid 1:tid 1] AH00170: caught SIGWINCH, shutting down gracefully
AH00558: apache2: Could not reliably determine the server's fully qualified domain name, using 172.18.0.3. Set the 'ServerName' directive globally to suppress this message
[Fri May 08 17:38:10.413302 2026] [mpm_prefork:notice] [pid 1:tid 1] AH00163: Apache/2.4.67 (Debian) PHP/8.2.31 configured -- resuming normal operations
[Fri May 08 17:38:10.413523 2026] [core:notice] [pid 1:tid 1] AH00094: Command line: 'apache2 -D FOREGROUND'
[Fri May 08 21:41:40.866483 2026] [mpm_prefork:notice] [pid 1:tid 1] AH00170: caught SIGWINCH, shutting down gracefully
AH00558: apache2: Could not reliably determine the server's fully qualified domain name, using 172.18.0.3. Set the 'ServerName' directive globally to suppress this message
[Fri May 08 21:41:42.497763 2026] [mpm_prefork:notice] [pid 1:tid 1] AH00163: Apache/2.4.67 (Debian) PHP/8.2.31 configured -- resuming normal operations
[Fri May 08 21:41:42.497904 2026] [core:notice] [pid 1:tid 1] AH00094: Command line: 'apache2 -D FOREGROUND'
[Fri May 08 21:56:10.567118 2026] [mpm_prefork:notice] [pid 1:tid 1] AH00170: caught SIGWINCH, shutting down gracefully
AH00558: apache2: Could not reliably determine the server's fully qualified domain name, using 172.18.0.3. Set the 'ServerName' directive globally to suppress this message
[Fri May 08 21:56:12.069767 2026] [mpm_prefork:notice] [pid 1:tid 1] AH00163: Apache/2.4.67 (Debian) PHP/8.2.31 configured -- resuming normal operations
[Fri May 08 21:56:12.069866 2026] [core:notice] [pid 1:tid 1] AH00094: Command line: 'apache2 -D FOREGROUND'
[Sat May 09 08:44:31.465992 2026] [core:error] [pid 1:tid 1] (5)Input/output error: AH00095: failed to remove PID file /var/run/apache2/apache2.pid
[Sat May 09 08:44:31.565077 2026] [mpm_prefork:notice] [pid 1:tid 1] AH00170: caught SIGWINCH, shutting down gracefully
AH00558: apache2: Could not reliably determine the server's fully qualified domain name, using 172.18.0.2. Set the 'ServerName' directive globally to suppress this message
[Sat May 09 21:35:14.084197 2026] [mpm_prefork:notice] [pid 1:tid 1] AH00163: Apache/2.4.67 (Debian) PHP/8.2.31 configured -- resuming normal operations
[Sat May 09 21:35:14.088693 2026] [core:notice] [pid 1:tid 1] AH00094: Command line: 'apache2 -D FOREGROUND'
[Sat May 16 16:49:07.765632 2026] [mpm_prefork:notice] [pid 1:tid 1] AH00170: caught SIGWINCH, shutting down gracefully
AH00558: apache2: Could not reliably determine the server's fully qualified domain name, using 172.18.0.3. Set the 'ServerName' directive globally to suppress this message
[Sat May 16 16:49:20.530801 2026] [mpm_prefork:notice] [pid 1:tid 1] AH00163: Apache/2.4.67 (Debian) PHP/8.2.31 configured -- resuming normal operations
[Sat May 16 16:49:20.530957 2026] [core:notice] [pid 1:tid 1] AH00094: Command line: 'apache2 -D FOREGROUND'
[Sun May 17 08:11:27.095008 2026] [mpm_prefork:notice] [pid 1:tid 1] AH00170: caught SIGWINCH, shutting down gracefully
AH00558: apache2: Could not reliably determine the server's fully qualified domain name, using 172.18.0.3. Set the 'ServerName' directive globally to suppress this message
[Sun May 17 08:17:43.232224 2026] [mpm_prefork:notice] [pid 1:tid 1] AH00163: Apache/2.4.67 (Debian) PHP/8.2.31 configured -- resuming normal operations
[Sun May 17 08:17:43.232485 2026] [core:notice] [pid 1:tid 1] AH00094: Command line: 'apache2 -D FOREGROUND'
[Mon May 18 11:39:41.986602 2026] [mpm_prefork:notice] [pid 1:tid 1] AH00170: caught SIGWINCH, shutting down gracefully
AH00558: apache2: Could not reliably determine the server's fully qualified domain name, using 172.18.0.3. Set the 'ServerName' directive globally to suppress this message
[Mon May 18 11:44:43.598259 2026] [mpm_prefork:notice] [pid 1:tid 1] AH00163: Apache/2.4.67 (Debian) PHP/8.2.31 configured -- resuming normal operations
[Mon May 18 11:44:43.599818 2026] [core:notice] [pid 1:tid 1] AH00094: Command line: 'apache2 -D FOREGROUND'
[Wed May 20 04:22:16.316727 2026] [mpm_prefork:notice] [pid 1:tid 1] AH00170: caught SIGWINCH, shutting down gracefully
AH00558: apache2: Could not reliably determine the server's fully qualified domain name, using 172.18.0.3. Set the 'ServerName' directive globally to suppress this message
[Wed May 20 06:32:34.849784 2026] [mpm_prefork:notice] [pid 1:tid 1] AH00163: Apache/2.4.67 (Debian) PHP/8.2.31 configured -- resuming normal operations
[Wed May 20 06:32:34.855954 2026] [core:notice] [pid 1:tid 1] AH00094: Command line: 'apache2 -D FOREGROUND'
[Wed May 20 18:24:12.218780 2026] [php:error] [pid 90:tid 90] [client 172.18.0.1:65372] script '/var/www/html/public/infrastructure-pulse1.php' not found or unable to stat
[Thu May 21 08:23:58.923059 2026] [php:error] [pid 28:tid 28] [client 172.18.0.1:57176] script '/var/www/html/public/infrastructure-pu2lse.php' not found or unable to stat
[Thu May 21 13:47:52.356230 2026] [php:notice] [pid 25:tid 25] [client 172.18.0.1:57544] TRACS auth event: {"event_type":"session_timeout","result":"expired","user_id":1,"identifier":"","ip_address":"172.18.0.1","reason":"idle_timeout"}, referer: http://localhost:8080/index.php
[Thu May 21 14:10:27.892089 2026] [php:notice] [pid 17:tid 17] [client 172.18.0.1:58202] TRACS auth event: {"event_type":"suspicious_access_attempt","result":"blocked","user_id":5,"identifier":"internqa@tracs.local","ip_address":"172.18.0.1","reason":"pending_two_factor"}
[Thu May 21 18:53:25.447128 2026] [php:notice] [pid 17:tid 17] [client 172.18.0.1:63732] TRACS auth event: {"event_type":"session_timeout","result":"expired","user_id":1,"identifier":"","ip_address":"172.18.0.1","reason":"two_factor_max_age"}
